<?xml version="1.0" encoding="UTF-8"?>
<testsuite name="Post Service" tests="1" skipped="0" failures="0" errors="0" timestamp="2022-11-27T10:57:49" hostname="ichangboui-MacBookAir.local" time="6.632">
  <properties/>
  <testcase name="게시글 삭제" classname="bssm.major.club.ber.domain.post.manager.service.ManagerPostServiceTest" time="6.632"/>
  <system-out><![CDATA[]]></system-out>
  <system-err><![CDATA[]]></system-err>
</testsuite>
