<?xml version="1.0" encoding="UTF-8"?>
<testsuite name="bssm.major.club.ber.BerApplicationTests" tests="1" skipped="0" failures="0" errors="0" timestamp="2022-09-23T01:22:59" hostname="choewon-yong-ui-MacBookPro.local" time="0.183">
  <properties/>
  <testcase name="contextLoads()" classname="bssm.major.club.ber.BerApplicationTests" time="0.183"/>
  <system-out><![CDATA[10:22:47.785 [Test worker] DEBUG org.springframework.test.context.BootstrapUtils - Instantiating CacheAwareContextLoaderDelegate from class [org.springframework.test.context.cache.DefaultCacheAwareContextLoaderDelegate]
10:22:47.797 [Test worker] DEBUG org.springframework.test.context.BootstrapUtils - Instantiating BootstrapContext using constructor [public org.springframework.test.context.support.DefaultBootstrapContext(java.lang.Class,org.springframework.test.context.CacheAwareContextLoaderDelegate)]
10:22:47.839 [Test worker] DEBUG org.springframework.test.context.BootstrapUtils - Instantiating TestContextBootstrapper for test class [bssm.major.club.ber.BerApplicationTests] from class [org.springframework.boot.test.context.SpringBootTestContextBootstrapper]
10:22:47.851 [Test worker] INFO org.springframework.boot.test.context.SpringBootTestContextBootstrapper - Neither @ContextConfiguration nor @ContextHierarchy found for test class [bssm.major.club.ber.BerApplicationTests], using SpringBootContextLoader
10:22:47.855 [Test worker] DEBUG org.springframework.test.context.support.AbstractContextLoader - Did not detect default resource location for test class [bssm.major.club.ber.BerApplicationTests]: class path resource [bssm/major/club/ber/BerApplicationTests-context.xml] does not exist
10:22:47.856 [Test worker] DEBUG org.springframework.test.context.support.AbstractContextLoader - Did not detect default resource location for test class [bssm.major.club.ber.BerApplicationTests]: class path resource [bssm/major/club/ber/BerApplicationTestsContext.groovy] does not exist
10:22:47.856 [Test worker] INFO org.springframework.test.context.support.AbstractContextLoader - Could not detect default resource locations for test class [bssm.major.club.ber.BerApplicationTests]: no resource found for suffixes {-context.xml, Context.groovy}.
10:22:47.857 [Test worker] INFO org.springframework.test.context.support.AnnotationConfigContextLoaderUtils - Could not detect default configuration classes for test class [bssm.major.club.ber.BerApplicationTests]: BerApplicationTests does not declare any static, non-private, non-final, nested classes annotated with @Configuration.
10:22:47.917 [Test worker] DEBUG org.springframework.test.context.support.ActiveProfilesUtils - Could not find an 'annotation declaring class' for annotation type [org.springframework.test.context.ActiveProfiles] and class [bssm.major.club.ber.BerApplicationTests]
10:22:47.977 [Test worker] DEBUG org.springframework.context.annotation.ClassPathScanningCandidateComponentProvider - Identified candidate component class: file [/Users/nyong/Desktop/index/project/ber/build/classes/java/main/bssm/major/club/ber/BerApplication.class]
10:22:47.979 [Test worker] INFO org.springframework.boot.test.context.SpringBootTestContextBootstrapper - Found @SpringBootConfiguration bssm.major.club.ber.BerApplication for test class bssm.major.club.ber.BerApplicationTests
10:22:48.087 [Test worker] DEBUG org.springframework.boot.test.context.SpringBootTestContextBootstrapper - @TestExecutionListeners is not present for class [bssm.major.club.ber.BerApplicationTests]: using defaults.
10:22:48.088 [Test worker] INFO org.springframework.boot.test.context.SpringBootTestContextBootstrapper - Loaded default TestExecutionListener class names from location [META-INF/spring.factories]: [org.springframework.security.test.context.support.WithSecurityContextTestExecutionListener, org.springframework.security.test.context.support.ReactorContextTestExecutionListener, org.springframework.boot.test.autoconfigure.restdocs.RestDocsTestExecutionListener, org.springframework.boot.test.autoconfigure.web.client.MockRestServiceServerResetTestExecutionListener, org.springframework.boot.test.autoconfigure.web.servlet.MockMvcPrintOnlyOnFailureTestExecutionListener, org.springframework.boot.test.autoconfigure.web.servlet.WebDriverTestExecutionListener, org.springframework.boot.test.autoconfigure.webservices.client.MockWebServiceServerTestExecutionListener, org.springframework.boot.test.mock.mockito.MockitoTestExecutionListener, org.springframework.boot.test.mock.mockito.ResetMocksTestExecutionListener, org.springframework.test.context.web.ServletTestExecutionListener, org.springframework.test.context.support.DirtiesContextBeforeModesTestExecutionListener, org.springframework.test.context.event.ApplicationEventsTestExecutionListener, org.springframework.test.context.support.DependencyInjectionTestExecutionListener, org.springframework.test.context.support.DirtiesContextTestExecutionListener, org.springframework.test.context.transaction.TransactionalTestExecutionListener, org.springframework.test.context.jdbc.SqlScriptsTestExecutionListener, org.springframework.test.context.event.EventPublishingTestExecutionListener]
10:22:48.102 [Test worker] INFO org.springframework.boot.test.context.SpringBootTestContextBootstrapper - Using TestExecutionListeners: [org.springframework.test.context.web.ServletTestExecutionListener@7bdf6bb7, org.springframework.test.context.support.DirtiesContextBeforeModesTestExecutionListener@1bc53649, org.springframework.test.context.event.ApplicationEventsTestExecutionListener@88d6f9b, org.springframework.boot.test.mock.mockito.MockitoTestExecutionListener@47d93e0d, org.springframework.boot.test.autoconfigure.SpringBootDependencyInjectionTestExecutionListener@475b7792, org.springframework.test.context.support.DirtiesContextTestExecutionListener@751e664e, org.springframework.test.context.transaction.TransactionalTestExecutionListener@160c3ec1, org.springframework.test.context.jdbc.SqlScriptsTestExecutionListener@182b435b, org.springframework.security.test.context.support.WithSecurityContextTestExecutionListener@4d0402b, org.springframework.test.context.event.EventPublishingTestExecutionListener@2fa7ae9, org.springframework.security.test.context.support.ReactorContextTestExecutionListener@7577b641, org.springframework.boot.test.autoconfigure.restdocs.RestDocsTestExecutionListener@3704122f, org.springframework.boot.test.autoconfigure.web.client.MockRestServiceServerResetTestExecutionListener@3153ddfc, org.springframework.boot.test.autoconfigure.web.servlet.MockMvcPrintOnlyOnFailureTestExecutionListener@60afd40d, org.springframework.boot.test.autoconfigure.web.servlet.WebDriverTestExecutionListener@28a2a3e7, org.springframework.boot.test.autoconfigure.webservices.client.MockWebServiceServerTestExecutionListener@3f2049b6, org.springframework.boot.test.mock.mockito.ResetMocksTestExecutionListener@10b3df93]
10:22:48.105 [Test worker] DEBUG org.springframework.test.context.support.AbstractDirtiesContextTestExecutionListener - Before test class: context [DefaultTestContext@5a2f016d testClass = BerApplicationTests, testInstance = [null], testMethod = [null], testException = [null], mergedContextConfiguration = [WebMergedContextConfiguration@1a38ba58 testClass = BerApplicationTests, locations = '{}', classes = '{class bssm.major.club.ber.BerApplication}', contextInitializerClasses = '[]', activeProfiles = '{}', propertySourceLocations = '{}', propertySourceProperties = '{org.springframework.boot.test.context.SpringBootTestContextBootstrapper=true}', contextCustomizers = set[org.springframework.boot.test.autoconfigure.actuate.metrics.MetricsExportContextCustomizerFactory$DisableMetricExportContextCustomizer@4c398c80, org.springframework.boot.test.autoconfigure.properties.PropertyMappingContextCustomizer@0, org.springframework.boot.test.autoconfigure.web.servlet.WebDriverContextCustomizerFactory$Customizer@34997338, org.springframework.boot.test.context.filter.ExcludeFilterContextCustomizer@163d04ff, org.springframework.boot.test.json.DuplicateJsonObjectContextCustomizerFactory$DuplicateJsonObjectContextCustomizer@788fcafb, org.springframework.boot.test.mock.mockito.MockitoContextCustomizer@0, org.springframework.boot.test.web.client.TestRestTemplateContextCustomizer@505a9d7c, org.springframework.boot.test.context.SpringBootTestArgs@1, org.springframework.boot.test.context.SpringBootTestWebEnvironment@4808bc9b], resourceBasePath = 'src/main/webapp', contextLoader = 'org.springframework.boot.test.context.SpringBootContextLoader', parent = [null]], attributes = map['org.springframework.test.context.web.ServletTestExecutionListener.activateListener' -> true]], class annotated with @DirtiesContext [false] with mode [null].

  .   ____          _            __ _ _
 /\\ / ___'_ __ _ _(_)_ __  __ _ \ \ \ \
( ( )\___ | '_ | '_| | '_ \/ _` | \ \ \ \
 \\/  ___)| |_)| | | | | || (_| |  ) ) ) )
  '  |____| .__|_| |_|_| |_\__, | / / / /
 =========|_|==============|___/=/_/_/_/
 :: Spring Boot ::                (v2.7.2)

2022-09-23 10:22:48.800  INFO 12277 --- [    Test worker] bssm.major.club.ber.BerApplicationTests  : Starting BerApplicationTests using Java 11.0.15 on choewon-yong-ui-MacBookPro.local with PID 12277 (started by nyong in /Users/nyong/Desktop/index/project/ber)
2022-09-23 10:22:48.806  INFO 12277 --- [    Test worker] bssm.major.club.ber.BerApplicationTests  : No active profile set, falling back to 1 default profile: "default"
2022-09-23 10:22:50.033  INFO 12277 --- [    Test worker] .s.d.r.c.RepositoryConfigurationDelegate : Multiple Spring Data modules found, entering strict repository configuration mode
2022-09-23 10:22:50.036  INFO 12277 --- [    Test worker] .s.d.r.c.RepositoryConfigurationDelegate : Bootstrapping Spring Data Redis repositories in DEFAULT mode.
2022-09-23 10:22:50.061  INFO 12277 --- [    Test worker] .s.d.r.c.RepositoryConfigurationDelegate : Finished Spring Data repository scanning in 14 ms. Found 0 Redis repository interfaces.
2022-09-23 10:22:50.370  INFO 12277 --- [    Test worker] .s.d.r.c.RepositoryConfigurationDelegate : Multiple Spring Data modules found, entering strict repository configuration mode
2022-09-23 10:22:50.372  INFO 12277 --- [    Test worker] .s.d.r.c.RepositoryConfigurationDelegate : Bootstrapping Spring Data JPA repositories in DEFAULT mode.
2022-09-23 10:22:50.591  INFO 12277 --- [    Test worker] .s.d.r.c.RepositoryConfigurationDelegate : Finished Spring Data repository scanning in 217 ms. Found 9 JPA repository interfaces.
2022-09-23 10:22:50.644  INFO 12277 --- [    Test worker] .s.d.r.c.RepositoryConfigurationDelegate : Multiple Spring Data modules found, entering strict repository configuration mode
2022-09-23 10:22:50.644  INFO 12277 --- [    Test worker] .s.d.r.c.RepositoryConfigurationDelegate : Bootstrapping Spring Data Redis repositories in DEFAULT mode.
2022-09-23 10:22:50.675  INFO 12277 --- [    Test worker] .RepositoryConfigurationExtensionSupport : Spring Data Redis - Could not safely identify store assignment for repository candidate interface bssm.major.club.ber.domain.ber.domain.repository.BerRepository; If you want this repository to be a Redis repository, consider annotating your entities with one of these annotations: org.springframework.data.redis.core.RedisHash (preferred), or consider extending one of the following types with your repository: org.springframework.data.keyvalue.repository.KeyValueRepository
2022-09-23 10:22:50.676  INFO 12277 --- [    Test worker] .RepositoryConfigurationExtensionSupport : Spring Data Redis - Could not safely identify store assignment for repository candidate interface bssm.major.club.ber.domain.category.post.repository.PostCategoryRepository; If you want this repository to be a Redis repository, consider annotating your entities with one of these annotations: org.springframework.data.redis.core.RedisHash (preferred), or consider extending one of the following types with your repository: org.springframework.data.keyvalue.repository.KeyValueRepository
2022-09-23 10:22:50.677  INFO 12277 --- [    Test worker] .RepositoryConfigurationExtensionSupport : Spring Data Redis - Could not safely identify store assignment for repository candidate interface bssm.major.club.ber.domain.category.user.repository.UserCategoryRepository; If you want this repository to be a Redis repository, consider annotating your entities with one of these annotations: org.springframework.data.redis.core.RedisHash (preferred), or consider extending one of the following types with your repository: org.springframework.data.keyvalue.repository.KeyValueRepository
2022-09-23 10:22:50.678  INFO 12277 --- [    Test worker] .RepositoryConfigurationExtensionSupport : Spring Data Redis - Could not safely identify store assignment for repository candidate interface bssm.major.club.ber.domain.likes.repository.LikesRepository; If you want this repository to be a Redis repository, consider annotating your entities with one of these annotations: org.springframework.data.redis.core.RedisHash (preferred), or consider extending one of the following types with your repository: org.springframework.data.keyvalue.repository.KeyValueRepository
2022-09-23 10:22:50.678  INFO 12277 --- [    Test worker] .RepositoryConfigurationExtensionSupport : Spring Data Redis - Could not safely identify store assignment for repository candidate interface bssm.major.club.ber.domain.post.manager.repository.ManagerPostCommentRepository; If you want this repository to be a Redis repository, consider annotating your entities with one of these annotations: org.springframework.data.redis.core.RedisHash (preferred), or consider extending one of the following types with your repository: org.springframework.data.keyvalue.repository.KeyValueRepository
2022-09-23 10:22:50.679  INFO 12277 --- [    Test worker] .RepositoryConfigurationExtensionSupport : Spring Data Redis - Could not safely identify store assignment for repository candidate interface bssm.major.club.ber.domain.post.manager.repository.ManagerPostReCommentRepository; If you want this repository to be a Redis repository, consider annotating your entities with one of these annotations: org.springframework.data.redis.core.RedisHash (preferred), or consider extending one of the following types with your repository: org.springframework.data.keyvalue.repository.KeyValueRepository
2022-09-23 10:22:50.680  INFO 12277 --- [    Test worker] .RepositoryConfigurationExtensionSupport : Spring Data Redis - Could not safely identify store assignment for repository candidate interface bssm.major.club.ber.domain.post.manager.repository.ManagerPostRepository; If you want this repository to be a Redis repository, consider annotating your entities with one of these annotations: org.springframework.data.redis.core.RedisHash (preferred), or consider extending one of the following types with your repository: org.springframework.data.keyvalue.repository.KeyValueRepository
2022-09-23 10:22:50.680  INFO 12277 --- [    Test worker] .RepositoryConfigurationExtensionSupport : Spring Data Redis - Could not safely identify store assignment for repository candidate interface bssm.major.club.ber.domain.school.time_table.entity.repository.TimeTableRepository; If you want this repository to be a Redis repository, consider annotating your entities with one of these annotations: org.springframework.data.redis.core.RedisHash (preferred), or consider extending one of the following types with your repository: org.springframework.data.keyvalue.repository.KeyValueRepository
2022-09-23 10:22:50.680  INFO 12277 --- [    Test worker] .RepositoryConfigurationExtensionSupport : Spring Data Redis - Could not safely identify store assignment for repository candidate interface bssm.major.club.ber.domain.user.domain.repository.UserRepository; If you want this repository to be a Redis repository, consider annotating your entities with one of these annotations: org.springframework.data.redis.core.RedisHash (preferred), or consider extending one of the following types with your repository: org.springframework.data.keyvalue.repository.KeyValueRepository
2022-09-23 10:22:50.681  INFO 12277 --- [    Test worker] .s.d.r.c.RepositoryConfigurationDelegate : Finished Spring Data repository scanning in 35 ms. Found 0 Redis repository interfaces.
2022-09-23 10:22:51.784  INFO 12277 --- [    Test worker] o.hibernate.jpa.internal.util.LogHelper  : HHH000204: Processing PersistenceUnitInfo [name: default]
2022-09-23 10:22:51.823  INFO 12277 --- [    Test worker] org.hibernate.Version                    : HHH000412: Hibernate ORM core version 5.6.10.Final
2022-09-23 10:22:51.982  INFO 12277 --- [    Test worker] o.hibernate.annotations.common.Version   : HCANN000001: Hibernate Commons Annotations {5.1.2.Final}
2022-09-23 10:22:52.010 DEBUG 12277 --- [    Test worker] org.hibernate.type.BasicTypeRegistry     : Adding type registration boolean -> org.hibernate.type.BooleanType@2c678c7b
2022-09-23 10:22:52.010 DEBUG 12277 --- [    Test worker] org.hibernate.type.BasicTypeRegistry     : Adding type registration boolean -> org.hibernate.type.BooleanType@2c678c7b
2022-09-23 10:22:52.010 DEBUG 12277 --- [    Test worker] org.hibernate.type.BasicTypeRegistry     : Adding type registration java.lang.Boolean -> org.hibernate.type.BooleanType@2c678c7b
2022-09-23 10:22:52.011 DEBUG 12277 --- [    Test worker] org.hibernate.type.BasicTypeRegistry     : Adding type registration numeric_boolean -> org.hibernate.type.NumericBooleanType@5a0f87e5
2022-09-23 10:22:52.011 DEBUG 12277 --- [    Test worker] org.hibernate.type.BasicTypeRegistry     : Adding type registration true_false -> org.hibernate.type.TrueFalseType@1be8c122
2022-09-23 10:22:52.011 DEBUG 12277 --- [    Test worker] org.hibernate.type.BasicTypeRegistry     : Adding type registration yes_no -> org.hibernate.type.YesNoType@4be12f6c
2022-09-23 10:22:52.012 DEBUG 12277 --- [    Test worker] org.hibernate.type.BasicTypeRegistry     : Adding type registration byte -> org.hibernate.type.ByteType@51132514
2022-09-23 10:22:52.014 DEBUG 12277 --- [    Test worker] org.hibernate.type.BasicTypeRegistry     : Adding type registration byte -> org.hibernate.type.ByteType@51132514
2022-09-23 10:22:52.014 DEBUG 12277 --- [    Test worker] org.hibernate.type.BasicTypeRegistry     : Adding type registration java.lang.Byte -> org.hibernate.type.ByteType@51132514
2022-09-23 10:22:52.015 DEBUG 12277 --- [    Test worker] org.hibernate.type.BasicTypeRegistry     : Adding type registration character -> org.hibernate.type.CharacterType@5cffec7
2022-09-23 10:22:52.015 DEBUG 12277 --- [    Test worker] org.hibernate.type.BasicTypeRegistry     : Adding type registration char -> org.hibernate.type.CharacterType@5cffec7
2022-09-23 10:22:52.015 DEBUG 12277 --- [    Test worker] org.hibernate.type.BasicTypeRegistry     : Adding type registration java.lang.Character -> org.hibernate.type.CharacterType@5cffec7
2022-09-23 10:22:52.016 DEBUG 12277 --- [    Test worker] org.hibernate.type.BasicTypeRegistry     : Adding type registration short -> org.hibernate.type.ShortType@76b305e1
2022-09-23 10:22:52.016 DEBUG 12277 --- [    Test worker] org.hibernate.type.BasicTypeRegistry     : Adding type registration short -> org.hibernate.type.ShortType@76b305e1
2022-09-23 10:22:52.016 DEBUG 12277 --- [    Test worker] org.hibernate.type.BasicTypeRegistry     : Adding type registration java.lang.Short -> org.hibernate.type.ShortType@76b305e1
2022-09-23 10:22:52.018 DEBUG 12277 --- [    Test worker] org.hibernate.type.BasicTypeRegistry     : Adding type registration integer -> org.hibernate.type.IntegerType@521ba38f
2022-09-23 10:22:52.018 DEBUG 12277 --- [    Test worker] org.hibernate.type.BasicTypeRegistry     : Adding type registration int -> org.hibernate.type.IntegerType@521ba38f
2022-09-23 10:22:52.018 DEBUG 12277 --- [    Test worker] org.hibernate.type.BasicTypeRegistry     : Adding type registration java.lang.Integer -> org.hibernate.type.IntegerType@521ba38f
2022-09-23 10:22:52.019 DEBUG 12277 --- [    Test worker] org.hibernate.type.BasicTypeRegistry     : Adding type registration long -> org.hibernate.type.LongType@53dba9cd
2022-09-23 10:22:52.020 DEBUG 12277 --- [    Test worker] org.hibernate.type.BasicTypeRegistry     : Adding type registration long -> org.hibernate.type.LongType@53dba9cd
2022-09-23 10:22:52.020 DEBUG 12277 --- [    Test worker] org.hibernate.type.BasicTypeRegistry     : Adding type registration java.lang.Long -> org.hibernate.type.LongType@53dba9cd
2022-09-23 10:22:52.020 DEBUG 12277 --- [    Test worker] org.hibernate.type.BasicTypeRegistry     : Adding type registration float -> org.hibernate.type.FloatType@3e753289
2022-09-23 10:22:52.020 DEBUG 12277 --- [    Test worker] org.hibernate.type.BasicTypeRegistry     : Adding type registration float -> org.hibernate.type.FloatType@3e753289
2022-09-23 10:22:52.020 DEBUG 12277 --- [    Test worker] org.hibernate.type.BasicTypeRegistry     : Adding type registration java.lang.Float -> org.hibernate.type.FloatType@3e753289
2022-09-23 10:22:52.021 DEBUG 12277 --- [    Test worker] org.hibernate.type.BasicTypeRegistry     : Adding type registration double -> org.hibernate.type.DoubleType@79d4ff58
2022-09-23 10:22:52.021 DEBUG 12277 --- [    Test worker] org.hibernate.type.BasicTypeRegistry     : Adding type registration double -> org.hibernate.type.DoubleType@79d4ff58
2022-09-23 10:22:52.021 DEBUG 12277 --- [    Test worker] org.hibernate.type.BasicTypeRegistry     : Adding type registration java.lang.Double -> org.hibernate.type.DoubleType@79d4ff58
2022-09-23 10:22:52.021 DEBUG 12277 --- [    Test worker] org.hibernate.type.BasicTypeRegistry     : Adding type registration big_decimal -> org.hibernate.type.BigDecimalType@a2df0d5
2022-09-23 10:22:52.022 DEBUG 12277 --- [    Test worker] org.hibernate.type.BasicTypeRegistry     : Adding type registration java.math.BigDecimal -> org.hibernate.type.BigDecimalType@a2df0d5
2022-09-23 10:22:52.022 DEBUG 12277 --- [    Test worker] org.hibernate.type.BasicTypeRegistry     : Adding type registration big_integer -> org.hibernate.type.BigIntegerType@563172d3
2022-09-23 10:22:52.022 DEBUG 12277 --- [    Test worker] org.hibernate.type.BasicTypeRegistry     : Adding type registration java.math.BigInteger -> org.hibernate.type.BigIntegerType@563172d3
2022-09-23 10:22:52.023 DEBUG 12277 --- [    Test worker] org.hibernate.type.BasicTypeRegistry     : Adding type registration string -> org.hibernate.type.StringType@785a4557
2022-09-23 10:22:52.023 DEBUG 12277 --- [    Test worker] org.hibernate.type.BasicTypeRegistry     : Adding type registration java.lang.String -> org.hibernate.type.StringType@785a4557
2022-09-23 10:22:52.023 DEBUG 12277 --- [    Test worker] org.hibernate.type.BasicTypeRegistry     : Adding type registration nstring -> org.hibernate.type.StringNVarcharType@6c6379c
2022-09-23 10:22:52.024 DEBUG 12277 --- [    Test worker] org.hibernate.type.BasicTypeRegistry     : Adding type registration ncharacter -> org.hibernate.type.CharacterNCharType@559fd5ec
2022-09-23 10:22:52.026 DEBUG 12277 --- [    Test worker] org.hibernate.type.BasicTypeRegistry     : Adding type registration url -> org.hibernate.type.UrlType@7ab2ba47
2022-09-23 10:22:52.027 DEBUG 12277 --- [    Test worker] org.hibernate.type.BasicTypeRegistry     : Adding type registration java.net.URL -> org.hibernate.type.UrlType@7ab2ba47
2022-09-23 10:22:52.027 DEBUG 12277 --- [    Test worker] org.hibernate.type.BasicTypeRegistry     : Adding type registration Duration -> org.hibernate.type.DurationType@1410d645
2022-09-23 10:22:52.027 DEBUG 12277 --- [    Test worker] org.hibernate.type.BasicTypeRegistry     : Adding type registration java.time.Duration -> org.hibernate.type.DurationType@1410d645
2022-09-23 10:22:52.028 DEBUG 12277 --- [    Test worker] org.hibernate.type.BasicTypeRegistry     : Adding type registration Instant -> org.hibernate.type.InstantType@6335f04a
2022-09-23 10:22:52.028 DEBUG 12277 --- [    Test worker] org.hibernate.type.BasicTypeRegistry     : Adding type registration java.time.Instant -> org.hibernate.type.InstantType@6335f04a
2022-09-23 10:22:52.029 DEBUG 12277 --- [    Test worker] org.hibernate.type.BasicTypeRegistry     : Adding type registration LocalDateTime -> org.hibernate.type.LocalDateTimeType@67fac095
2022-09-23 10:22:52.029 DEBUG 12277 --- [    Test worker] org.hibernate.type.BasicTypeRegistry     : Adding type registration java.time.LocalDateTime -> org.hibernate.type.LocalDateTimeType@67fac095
2022-09-23 10:22:52.030 DEBUG 12277 --- [    Test worker] org.hibernate.type.BasicTypeRegistry     : Adding type registration LocalDate -> org.hibernate.type.LocalDateType@6cbdd1c5
2022-09-23 10:22:52.031 DEBUG 12277 --- [    Test worker] org.hibernate.type.BasicTypeRegistry     : Adding type registration java.time.LocalDate -> org.hibernate.type.LocalDateType@6cbdd1c5
2022-09-23 10:22:52.031 DEBUG 12277 --- [    Test worker] org.hibernate.type.BasicTypeRegistry     : Adding type registration LocalTime -> org.hibernate.type.LocalTimeType@15186ce0
2022-09-23 10:22:52.031 DEBUG 12277 --- [    Test worker] org.hibernate.type.BasicTypeRegistry     : Adding type registration java.time.LocalTime -> org.hibernate.type.LocalTimeType@15186ce0
2022-09-23 10:22:52.032 DEBUG 12277 --- [    Test worker] org.hibernate.type.BasicTypeRegistry     : Adding type registration OffsetDateTime -> org.hibernate.type.OffsetDateTimeType@64ec1459
2022-09-23 10:22:52.032 DEBUG 12277 --- [    Test worker] org.hibernate.type.BasicTypeRegistry     : Adding type registration java.time.OffsetDateTime -> org.hibernate.type.OffsetDateTimeType@64ec1459
2022-09-23 10:22:52.033 DEBUG 12277 --- [    Test worker] org.hibernate.type.BasicTypeRegistry     : Adding type registration OffsetTime -> org.hibernate.type.OffsetTimeType@4dd1548e
2022-09-23 10:22:52.033 DEBUG 12277 --- [    Test worker] org.hibernate.type.BasicTypeRegistry     : Adding type registration java.time.OffsetTime -> org.hibernate.type.OffsetTimeType@4dd1548e
2022-09-23 10:22:52.034 DEBUG 12277 --- [    Test worker] org.hibernate.type.BasicTypeRegistry     : Adding type registration ZonedDateTime -> org.hibernate.type.ZonedDateTimeType@40cf6254
2022-09-23 10:22:52.037 DEBUG 12277 --- [    Test worker] org.hibernate.type.BasicTypeRegistry     : Adding type registration java.time.ZonedDateTime -> org.hibernate.type.ZonedDateTimeType@40cf6254
2022-09-23 10:22:52.041 DEBUG 12277 --- [    Test worker] org.hibernate.type.BasicTypeRegistry     : Adding type registration date -> org.hibernate.type.DateType@27261190
2022-09-23 10:22:52.043 DEBUG 12277 --- [    Test worker] org.hibernate.type.BasicTypeRegistry     : Adding type registration java.sql.Date -> org.hibernate.type.DateType@27261190
2022-09-23 10:22:52.045 DEBUG 12277 --- [    Test worker] org.hibernate.type.BasicTypeRegistry     : Adding type registration time -> org.hibernate.type.TimeType@7757a37f
2022-09-23 10:22:52.045 DEBUG 12277 --- [    Test worker] org.hibernate.type.BasicTypeRegistry     : Adding type registration java.sql.Time -> org.hibernate.type.TimeType@7757a37f
2022-09-23 10:22:52.045 DEBUG 12277 --- [    Test worker] org.hibernate.type.BasicTypeRegistry     : Adding type registration timestamp -> org.hibernate.type.TimestampType@79cdf2d4
2022-09-23 10:22:52.046 DEBUG 12277 --- [    Test worker] org.hibernate.type.BasicTypeRegistry     : Adding type registration java.sql.Timestamp -> org.hibernate.type.TimestampType@79cdf2d4
2022-09-23 10:22:52.046 DEBUG 12277 --- [    Test worker] org.hibernate.type.BasicTypeRegistry     : Adding type registration java.util.Date -> org.hibernate.type.TimestampType@79cdf2d4
2022-09-23 10:22:52.047 DEBUG 12277 --- [    Test worker] org.hibernate.type.BasicTypeRegistry     : Adding type registration dbtimestamp -> org.hibernate.type.DbTimestampType@67d5ac2f
2022-09-23 10:22:52.051 DEBUG 12277 --- [    Test worker] org.hibernate.type.BasicTypeRegistry     : Adding type registration calendar -> org.hibernate.type.CalendarType@7dd3981e
2022-09-23 10:22:52.052 DEBUG 12277 --- [    Test worker] org.hibernate.type.BasicTypeRegistry     : Adding type registration java.util.Calendar -> org.hibernate.type.CalendarType@7dd3981e
2022-09-23 10:22:52.054 DEBUG 12277 --- [    Test worker] org.hibernate.type.BasicTypeRegistry     : Adding type registration java.util.GregorianCalendar -> org.hibernate.type.CalendarType@7dd3981e
2022-09-23 10:22:52.055 DEBUG 12277 --- [    Test worker] org.hibernate.type.BasicTypeRegistry     : Adding type registration calendar_date -> org.hibernate.type.CalendarDateType@74ebd159
2022-09-23 10:22:52.055 DEBUG 12277 --- [    Test worker] org.hibernate.type.BasicTypeRegistry     : Adding type registration calendar_time -> org.hibernate.type.CalendarTimeType@58182b96
2022-09-23 10:22:52.056 DEBUG 12277 --- [    Test worker] org.hibernate.type.BasicTypeRegistry     : Adding type registration locale -> org.hibernate.type.LocaleType@2e8b24a1
2022-09-23 10:22:52.056 DEBUG 12277 --- [    Test worker] org.hibernate.type.BasicTypeRegistry     : Adding type registration java.util.Locale -> org.hibernate.type.LocaleType@2e8b24a1
2022-09-23 10:22:52.056 DEBUG 12277 --- [    Test worker] org.hibernate.type.BasicTypeRegistry     : Adding type registration currency -> org.hibernate.type.CurrencyType@601f264d
2022-09-23 10:22:52.056 DEBUG 12277 --- [    Test worker] org.hibernate.type.BasicTypeRegistry     : Adding type registration java.util.Currency -> org.hibernate.type.CurrencyType@601f264d
2022-09-23 10:22:52.057 DEBUG 12277 --- [    Test worker] org.hibernate.type.BasicTypeRegistry     : Adding type registration timezone -> org.hibernate.type.TimeZoneType@15e8c040
2022-09-23 10:22:52.057 DEBUG 12277 --- [    Test worker] org.hibernate.type.BasicTypeRegistry     : Adding type registration java.util.TimeZone -> org.hibernate.type.TimeZoneType@15e8c040
2022-09-23 10:22:52.057 DEBUG 12277 --- [    Test worker] org.hibernate.type.BasicTypeRegistry     : Adding type registration class -> org.hibernate.type.ClassType@382d549a
2022-09-23 10:22:52.057 DEBUG 12277 --- [    Test worker] org.hibernate.type.BasicTypeRegistry     : Adding type registration java.lang.Class -> org.hibernate.type.ClassType@382d549a
2022-09-23 10:22:52.058 DEBUG 12277 --- [    Test worker] org.hibernate.type.BasicTypeRegistry     : Adding type registration uuid-binary -> org.hibernate.type.UUIDBinaryType@6f106af8
2022-09-23 10:22:52.058 DEBUG 12277 --- [    Test worker] org.hibernate.type.BasicTypeRegistry     : Adding type registration java.util.UUID -> org.hibernate.type.UUIDBinaryType@6f106af8
2022-09-23 10:22:52.059 DEBUG 12277 --- [    Test worker] org.hibernate.type.BasicTypeRegistry     : Adding type registration uuid-char -> org.hibernate.type.UUIDCharType@7f305f34
2022-09-23 10:22:52.059 DEBUG 12277 --- [    Test worker] org.hibernate.type.BasicTypeRegistry     : Adding type registration binary -> org.hibernate.type.BinaryType@5e158f33
2022-09-23 10:22:52.060 DEBUG 12277 --- [    Test worker] org.hibernate.type.BasicTypeRegistry     : Adding type registration byte[] -> org.hibernate.type.BinaryType@5e158f33
2022-09-23 10:22:52.060 DEBUG 12277 --- [    Test worker] org.hibernate.type.BasicTypeRegistry     : Adding type registration [B -> org.hibernate.type.BinaryType@5e158f33
2022-09-23 10:22:52.061 DEBUG 12277 --- [    Test worker] org.hibernate.type.BasicTypeRegistry     : Adding type registration wrapper-binary -> org.hibernate.type.WrapperBinaryType@3b0ed98a
2022-09-23 10:22:52.061 DEBUG 12277 --- [    Test worker] org.hibernate.type.BasicTypeRegistry     : Adding type registration Byte[] -> org.hibernate.type.WrapperBinaryType@3b0ed98a
2022-09-23 10:22:52.061 DEBUG 12277 --- [    Test worker] org.hibernate.type.BasicTypeRegistry     : Adding type registration [Ljava.lang.Byte; -> org.hibernate.type.WrapperBinaryType@3b0ed98a
2022-09-23 10:22:52.063 DEBUG 12277 --- [    Test worker] org.hibernate.type.BasicTypeRegistry     : Adding type registration row_version -> org.hibernate.type.RowVersionType@6e948f1c
2022-09-23 10:22:52.063 DEBUG 12277 --- [    Test worker] org.hibernate.type.BasicTypeRegistry     : Adding type registration image -> org.hibernate.type.ImageType@7ed8b44
2022-09-23 10:22:52.064 DEBUG 12277 --- [    Test worker] org.hibernate.type.BasicTypeRegistry     : Adding type registration characters -> org.hibernate.type.CharArrayType@39851c5
2022-09-23 10:22:52.064 DEBUG 12277 --- [    Test worker] org.hibernate.type.BasicTypeRegistry     : Adding type registration char[] -> org.hibernate.type.CharArrayType@39851c5
2022-09-23 10:22:52.064 DEBUG 12277 --- [    Test worker] org.hibernate.type.BasicTypeRegistry     : Adding type registration [C -> org.hibernate.type.CharArrayType@39851c5
2022-09-23 10:22:52.065 DEBUG 12277 --- [    Test worker] org.hibernate.type.BasicTypeRegistry     : Adding type registration wrapper-characters -> org.hibernate.type.CharacterArrayType@2e349cf2
2022-09-23 10:22:52.066 DEBUG 12277 --- [    Test worker] org.hibernate.type.BasicTypeRegistry     : Adding type registration [Ljava.lang.Character; -> org.hibernate.type.CharacterArrayType@2e349cf2
2022-09-23 10:22:52.066 DEBUG 12277 --- [    Test worker] org.hibernate.type.BasicTypeRegistry     : Adding type registration Character[] -> org.hibernate.type.CharacterArrayType@2e349cf2
2022-09-23 10:22:52.067 DEBUG 12277 --- [    Test worker] org.hibernate.type.BasicTypeRegistry     : Adding type registration text -> org.hibernate.type.TextType@12f51a65
2022-09-23 10:22:52.067 DEBUG 12277 --- [    Test worker] org.hibernate.type.BasicTypeRegistry     : Adding type registration ntext -> org.hibernate.type.NTextType@7bf65e0f
2022-09-23 10:22:52.068 DEBUG 12277 --- [    Test worker] org.hibernate.type.BasicTypeRegistry     : Adding type registration blob -> org.hibernate.type.BlobType@6eaa6b0c
2022-09-23 10:22:52.068 DEBUG 12277 --- [    Test worker] org.hibernate.type.BasicTypeRegistry     : Adding type registration java.sql.Blob -> org.hibernate.type.BlobType@6eaa6b0c
2022-09-23 10:22:52.068 DEBUG 12277 --- [    Test worker] org.hibernate.type.BasicTypeRegistry     : Adding type registration materialized_blob -> org.hibernate.type.MaterializedBlobType@7645e64
2022-09-23 10:22:52.069 DEBUG 12277 --- [    Test worker] org.hibernate.type.BasicTypeRegistry     : Adding type registration clob -> org.hibernate.type.ClobType@2e929182
2022-09-23 10:22:52.069 DEBUG 12277 --- [    Test worker] org.hibernate.type.BasicTypeRegistry     : Adding type registration java.sql.Clob -> org.hibernate.type.ClobType@2e929182
2022-09-23 10:22:52.070 DEBUG 12277 --- [    Test worker] org.hibernate.type.BasicTypeRegistry     : Adding type registration nclob -> org.hibernate.type.NClobType@915d7c4
2022-09-23 10:22:52.071 DEBUG 12277 --- [    Test worker] org.hibernate.type.BasicTypeRegistry     : Adding type registration java.sql.NClob -> org.hibernate.type.NClobType@915d7c4
2022-09-23 10:22:52.072 DEBUG 12277 --- [    Test worker] org.hibernate.type.BasicTypeRegistry     : Adding type registration materialized_clob -> org.hibernate.type.MaterializedClobType@60f662bd
2022-09-23 10:22:52.072 DEBUG 12277 --- [    Test worker] org.hibernate.type.BasicTypeRegistry     : Adding type registration materialized_nclob -> org.hibernate.type.MaterializedNClobType@66d2885c
2022-09-23 10:22:52.073 DEBUG 12277 --- [    Test worker] org.hibernate.type.BasicTypeRegistry     : Adding type registration serializable -> org.hibernate.type.SerializableType@110620d
2022-09-23 10:22:52.075 DEBUG 12277 --- [    Test worker] org.hibernate.type.BasicTypeRegistry     : Adding type registration object -> org.hibernate.type.ObjectType@5bb97fe7
2022-09-23 10:22:52.075 DEBUG 12277 --- [    Test worker] org.hibernate.type.BasicTypeRegistry     : Adding type registration java.lang.Object -> org.hibernate.type.ObjectType@5bb97fe7
2022-09-23 10:22:52.075 DEBUG 12277 --- [    Test worker] org.hibernate.type.BasicTypeRegistry     : Adding type registration imm_date -> org.hibernate.type.AdaptedImmutableType@1282f784
2022-09-23 10:22:52.075 DEBUG 12277 --- [    Test worker] org.hibernate.type.BasicTypeRegistry     : Adding type registration imm_time -> org.hibernate.type.AdaptedImmutableType@41167ded
2022-09-23 10:22:52.075 DEBUG 12277 --- [    Test worker] org.hibernate.type.BasicTypeRegistry     : Adding type registration imm_timestamp -> org.hibernate.type.AdaptedImmutableType@13e1e816
2022-09-23 10:22:52.076 DEBUG 12277 --- [    Test worker] org.hibernate.type.BasicTypeRegistry     : Adding type registration imm_dbtimestamp -> org.hibernate.type.AdaptedImmutableType@36238b12
2022-09-23 10:22:52.076 DEBUG 12277 --- [    Test worker] org.hibernate.type.BasicTypeRegistry     : Adding type registration imm_calendar -> org.hibernate.type.AdaptedImmutableType@33187485
2022-09-23 10:22:52.076 DEBUG 12277 --- [    Test worker] org.hibernate.type.BasicTypeRegistry     : Adding type registration imm_calendar_date -> org.hibernate.type.AdaptedImmutableType@41938e1e
2022-09-23 10:22:52.076 DEBUG 12277 --- [    Test worker] org.hibernate.type.BasicTypeRegistry     : Adding type registration imm_binary -> org.hibernate.type.AdaptedImmutableType@5d2e6f62
2022-09-23 10:22:52.076 DEBUG 12277 --- [    Test worker] org.hibernate.type.BasicTypeRegistry     : Adding type registration imm_serializable -> org.hibernate.type.AdaptedImmutableType@77ff14ce
2022-09-23 10:22:52.137  INFO 12277 --- [    Test worker] com.zaxxer.hikari.HikariDataSource       : HikariPool-1 - Starting...
2022-09-23 10:22:52.926  INFO 12277 --- [    Test worker] com.zaxxer.hikari.HikariDataSource       : HikariPool-1 - Start completed.
2022-09-23 10:22:52.945  INFO 12277 --- [    Test worker] org.hibernate.dialect.Dialect            : HHH000400: Using dialect: org.hibernate.dialect.MySQL5InnoDBDialect
2022-09-23 10:22:52.998 DEBUG 12277 --- [    Test worker] o.h.type.spi.TypeConfiguration$Scope     : Scoping TypeConfiguration [org.hibernate.type.spi.TypeConfiguration@236a4d30] to MetadataBuildingContext [org.hibernate.boot.internal.MetadataBuildingContextRootImpl@736788b]
2022-09-23 10:22:53.682 DEBUG 12277 --- [    Test worker] org.hibernate.type.EnumType              : Using NAMED-based conversion for Enum bssm.major.club.ber.domain.ber.domain.type.Gender
2022-09-23 10:22:53.688 DEBUG 12277 --- [    Test worker] org.hibernate.type.EnumType              : Using NAMED-based conversion for Enum bssm.major.club.ber.domain.user.domain.type.Role
2022-09-23 10:22:53.688 DEBUG 12277 --- [    Test worker] org.hibernate.type.EnumType              : Using NAMED-based conversion for Enum bssm.major.club.ber.domain.ber.domain.type.Status
2022-09-23 10:22:53.688 DEBUG 12277 --- [    Test worker] o.h.type.spi.TypeConfiguration$Scope     : Scoping TypeConfiguration [org.hibernate.type.spi.TypeConfiguration@236a4d30] to SessionFactoryImpl [org.hibernate.internal.SessionFactoryImpl@6ba355e4]
2022-09-23 10:22:55.559  INFO 12277 --- [    Test worker] o.h.e.t.j.p.i.JtaPlatformInitiator       : HHH000490: Using JtaPlatform implementation: [org.hibernate.engine.transaction.jta.platform.internal.NoJtaPlatform]
2022-09-23 10:22:55.603 TRACE 12277 --- [    Test worker] o.h.type.spi.TypeConfiguration$Scope     : Handling #sessionFactoryCreated from [org.hibernate.internal.SessionFactoryImpl@6ba355e4] for TypeConfiguration
2022-09-23 10:22:55.604  INFO 12277 --- [    Test worker] j.LocalContainerEntityManagerFactoryBean : Initialized JPA EntityManagerFactory for persistence unit 'default'
2022-09-23 10:22:56.594  WARN 12277 --- [    Test worker] org.hibernate.orm.deprecation            : HHH90000016: Found use of deprecated 'collection property' syntax in HQL/JPQL query [m.likes.size]; use collection function syntax instead [size(m.likes)].
2022-09-23 10:22:56.607  WARN 12277 --- [    Test worker] org.hibernate.orm.deprecation            : HHH90000016: Found use of deprecated 'collection property' syntax in HQL/JPQL query [m.likes.size]; use collection function syntax instead [size(m.likes)].
2022-09-23 10:22:57.322  WARN 12277 --- [    Test worker] JpaBaseConfiguration$JpaWebConfiguration : spring.jpa.open-in-view is enabled by default. Therefore, database queries may be performed during view rendering. Explicitly configure spring.jpa.open-in-view to disable this warning
2022-09-23 10:22:57.773  INFO 12277 --- [    Test worker] o.s.s.web.DefaultSecurityFilterChain     : Will secure any request with [org.springframework.security.web.session.DisableEncodeUrlFilter@1f612968, org.springframework.security.web.context.request.async.WebAsyncManagerIntegrationFilter@2ee949d4, org.springframework.security.web.context.SecurityContextPersistenceFilter@6e98fd10, org.springframework.security.web.header.HeaderWriterFilter@a9f7cf8, org.springframework.web.filter.CorsFilter@57e9cd2, org.springframework.security.web.authentication.logout.LogoutFilter@3397c8c0, bssm.major.club.ber.global.jwt.filter.JwtExceptionFilter@2298d741, bssm.major.club.ber.global.jwt.filter.JwtAuthenticationFilter@34a48013, org.springframework.security.web.savedrequest.RequestCacheAwareFilter@7f088b5c, org.springframework.security.web.servletapi.SecurityContextHolderAwareRequestFilter@1cdbc986, org.springframework.security.web.authentication.AnonymousAuthenticationFilter@50e7d8ba, org.springframework.security.web.session.SessionManagementFilter@479f738a, org.springframework.security.web.access.ExceptionTranslationFilter@32ae890, org.springframework.security.web.access.intercept.FilterSecurityInterceptor@f359e65]
2022-09-23 10:22:59.308  INFO 12277 --- [    Test worker] bssm.major.club.ber.BerApplicationTests  : Started BerApplicationTests in 11.099 seconds (JVM running for 12.763)
]]></system-out>
  <system-err><![CDATA[]]></system-err>
</testsuite>
